Using pre-set license
Built from '2020.3/staging' branch; Version is '2020.3.0f1 (c7b5465681fb) revision 13088070'; Using compiler version '192528614'; Build Type 'Release'
OS: 'Windows 10 Home; OS build 22621.4037; Version 2009; 64bit' Language: 'en' Physical Memory: 8039 MB
BatchMode: 1, IsHumanControllingUs: 0, StartBugReporterOnCrash: 0, Is64bit: 1, IsPro: 0

 COMMAND LINE ARGUMENTS:
C:\Program Files\Unity\Hub\Editor\2020.3.0f1\Editor\Unity.exe
-adb2
-batchMode
-noUpm
-name
AssetImportWorker0
-projectPath
C:/Users/kenpa/OneDrive/Desktop/Tutorial/horror fps maybe sum parkour elements nd we poppin pills frfr
-logFile
Logs/AssetImportWorker0.log
-srvPort
50142
Successfully changed project path to: C:/Users/kenpa/OneDrive/Desktop/Tutorial/horror fps maybe sum parkour elements nd we poppin pills frfr
C:/Users/kenpa/OneDrive/Desktop/Tutorial/horror fps maybe sum parkour elements nd we poppin pills frfr
Using Asset Import Pipeline V2.
Refreshing native plugins compatible for Editor in 34.55 ms, found 0 plugins.
Preloading 0 native plugins for Editor in 0.00 ms.
Initialize engine version: 2020.3.0f1 (c7b5465681fb)
[Subsystems] Discovering subsystems at path C:/Program Files/Unity/Hub/Editor/2020.3.0f1/Editor/Data/Resources/UnitySubsystems
[Subsystems] Discovering subsystems at path C:/Users/kenpa/OneDrive/Desktop/Tutorial/horror fps maybe sum parkour elements nd we poppin pills frfr/Assets
GfxDevice: creating device client; threaded=0
Direct3D:
    Version:  Direct3D 11.0 [level 11.1]
    Renderer: NVIDIA GeForce GTX 1660 Ti (ID=0x2191)
    Vendor:   
    VRAM:     5979 MB
    Driver:   31.0.15.3640
Initialize mono
Mono path[0] = 'C:/Program Files/Unity/Hub/Editor/2020.3.0f1/Editor/Data/Managed'
Mono path[1] = 'C:/Program Files/Unity/Hub/Editor/2020.3.0f1/Editor/Data/MonoBleedingEdge/lib/mono/unityjit'
Mono config path = 'C:/Program Files/Unity/Hub/Editor/2020.3.0f1/Editor/Data/MonoBleedingEdge/etc'
Using monoOptions --debugger-agent=transport=dt_socket,embedding=1,server=y,suspend=n,address=127.0.0.1:56996
Begin MonoManager ReloadAssembly
Registering precompiled unity dll's ...
Register platform support module: C:/Program Files/Unity/Hub/Editor/2020.3.0f1/Editor/Data/PlaybackEngines/WindowsStandaloneSupport/UnityEditor.WindowsStandalone.Extensions.dll
Registered in 0.232341 seconds.
Native extension for WindowsStandalone target not found
Refreshing native plugins compatible for Editor in 23.57 ms, found 0 plugins.
Preloading 0 native plugins for Editor in 0.00 ms.
Invoked RoslynAnalysisRunner static constructor.
RoslynAnalysisRunner will not be running.
RoslynAnalysisRunner has terminated.
Mono: successfully reloaded assembly
- Completed reload, in  7.277 seconds
Platform modules already initialized, skipping
Registering precompiled user dll's ...
Registered in 0.081524 seconds.
Begin MonoManager ReloadAssembly
Native extension for WindowsStandalone target not found
Refreshing native plugins compatible for Editor in 0.21 ms, found 0 plugins.
Preloading 0 native plugins for Editor in 0.00 ms.
Invoked RoslynAnalysisRunner static constructor.
RoslynAnalysisRunner will not be running.
RoslynAnalysisRunner has terminated.
Mono: successfully reloaded assembly
- Completed reload, in  2.705 seconds
Platform modules already initialized, skipping
========================================================================
Worker process is ready to serve import requests
Launched and connected shader compiler UnityShaderCompiler.exe after 0.09 seconds
Refreshing native plugins compatible for Editor in 0.29 ms, found 0 plugins.
Preloading 0 native plugins for Editor in 0.00 ms.
Unloading 1144 Unused Serialized files (Serialized files now loaded: 0)
System memory in use before: 60.2 MB.
System memory in use after: 60.3 MB.

Unloading 9 unused Assets to reduce memory usage. Loaded Objects now: 1589.
Total: 1.901200 ms (FindLiveObjects: 0.375300 ms CreateObjectMapping: 0.093900 ms MarkObjects: 1.372800 ms  DeleteObjects: 0.056600 ms)

========================================================================
Received Import Request.
  path: Assets/Scenes/Level1.unity
  artifactKey: Guid(5a1f7f3120e655447bf009c4e1200b9e) Importer(815301076,1909f56bfc062723c751e8b465ee728b)
Start importing Assets/Scenes/Level1.unity using Guid(5a1f7f3120e655447bf009c4e1200b9e) Importer(815301076,1909f56bfc062723c751e8b465ee728b)  -> (artifact id: 'baec203e43be7bbd877d0f6808bf21ec') in 0.024372 seconds
  Import took 0.027318 seconds .

========================================================================
Received Prepare
Registering precompiled user dll's ...
Registered in 0.001786 seconds.
Begin MonoManager ReloadAssembly
Native extension for WindowsStandalone target not found
Refreshing native plugins compatible for Editor in 0.33 ms, found 0 plugins.
Preloading 0 native plugins for Editor in 0.00 ms.
Invoked RoslynAnalysisRunner static constructor.
RoslynAnalysisRunner will not be running.
RoslynAnalysisRunner has terminated.
Mono: successfully reloaded assembly
- Completed reload, in  1.062 seconds
Platform modules already initialized, skipping
Refreshing native plugins compatible for Editor in 0.35 ms, found 0 plugins.
Preloading 0 native plugins for Editor in 0.00 ms.
Unloading 1124 Unused Serialized files (Serialized files now loaded: 0)
System memory in use before: 59.0 MB.
System memory in use after: 59.1 MB.

Unloading 4 unused Assets to reduce memory usage. Loaded Objects now: 1592.
Total: 2.515800 ms (FindLiveObjects: 0.228500 ms CreateObjectMapping: 0.063500 ms MarkObjects: 2.162400 ms  DeleteObjects: 0.058900 ms)

========================================================================
Received Import Request.
  Time since last request: 1102.152087 seconds.
  path: Packages/com.unity.ide.visualstudio
  artifactKey: Guid(9db636ca49aa246019dd93b7c8b689f4) Importer(815301076,1909f56bfc062723c751e8b465ee728b)
Start importing Packages/com.unity.ide.visualstudio using Guid(9db636ca49aa246019dd93b7c8b689f4) Importer(815301076,1909f56bfc062723c751e8b465ee728b)  -> (artifact id: '40dcf2de4826b4469fdbd1e2ddf0352b') in 0.070254 seconds
  Import took 0.105876 seconds .

========================================================================
Received Import Request.
  Time since last request: 0.485715 seconds.
  path: Packages/com.unity.ide.vscode
  artifactKey: Guid(1c61a04a5b7737c4d16673d64be4194e) Importer(815301076,1909f56bfc062723c751e8b465ee728b)
Start importing Packages/com.unity.ide.vscode using Guid(1c61a04a5b7737c4d16673d64be4194e) Importer(815301076,1909f56bfc062723c751e8b465ee728b)  -> (artifact id: '2132f6ccd583de0605e40d9a39f26e9c') in 0.013678 seconds
  Import took 0.016465 seconds .

========================================================================
Received Import Request.
  Time since last request: 0.521377 seconds.
  path: Packages/com.unity.ugui
  artifactKey: Guid(8f7652e09069a1943278893d4264401e) Importer(815301076,1909f56bfc062723c751e8b465ee728b)
Start importing Packages/com.unity.ugui using Guid(8f7652e09069a1943278893d4264401e) Importer(815301076,1909f56bfc062723c751e8b465ee728b)  -> (artifact id: 'c6421d84b259b4f59586faa4d8da16bd') in 0.013544 seconds
  Import took 0.017491 seconds .

========================================================================
Received Import Request.
  Time since last request: 0.405639 seconds.
  path: Packages/com.unity.collab-proxy
  artifactKey: Guid(1adad61bfb44214ee3e887b5febc4396) Importer(815301076,1909f56bfc062723c751e8b465ee728b)
Start importing Packages/com.unity.collab-proxy using Guid(1adad61bfb44214ee3e887b5febc4396) Importer(815301076,1909f56bfc062723c751e8b465ee728b)  -> (artifact id: 'b19b0db24d65f5912a42389f92f41f9e') in 0.016917 seconds
  Import took 0.019612 seconds .

========================================================================
Received Import Request.
  Time since last request: 0.331098 seconds.
  path: Packages/com.unity.timeline
  artifactKey: Guid(a4610cf559d77b9f256416d9ccaeac55) Importer(815301076,1909f56bfc062723c751e8b465ee728b)
Start importing Packages/com.unity.timeline using Guid(a4610cf559d77b9f256416d9ccaeac55) Importer(815301076,1909f56bfc062723c751e8b465ee728b)  -> (artifact id: '1480e27dda673c051f16cd7230addf5f') in 0.017471 seconds
  Import took 0.020235 seconds .

========================================================================
Received Import Request.
  Time since last request: 0.294909 seconds.
  path: Packages/com.unity.ide.rider
  artifactKey: Guid(ea5aa18a49e4f29d74984ea0ea11a238) Importer(815301076,1909f56bfc062723c751e8b465ee728b)
Start importing Packages/com.unity.ide.rider using Guid(ea5aa18a49e4f29d74984ea0ea11a238) Importer(815301076,1909f56bfc062723c751e8b465ee728b)  -> (artifact id: 'a7486e3e588c99355a69f75deda10428') in 0.015367 seconds
  Import took 0.018201 seconds .

========================================================================
Received Import Request.
  Time since last request: 3.808930 seconds.
  path: Assets/InstantZoomies/HorrorStarterPackFREE/Meshes/Key.fbx
  artifactKey: Guid(6f861a5f3e542c94a80038eab2cb83d1) Importer(815301076,1909f56bfc062723c751e8b465ee728b)
Start importing Assets/InstantZoomies/HorrorStarterPackFREE/Meshes/Key.fbx using Guid(6f861a5f3e542c94a80038eab2cb83d1) Importer(815301076,1909f56bfc062723c751e8b465ee728b)  -> (artifact id: '6edc670e54a3242182e3b4a57d355f69') in 0.297333 seconds
  Import took 0.299566 seconds .

========================================================================
Received Import Request.
  Time since last request: 29.812372 seconds.
  path: Packages/com.unity.timeline/Editor/StyleSheets/Images/DarkSkin/TimelineAutokey.png
  artifactKey: Guid(92b5e4310629b264dad0fb2cc196d818) Importer(815301076,1909f56bfc062723c751e8b465ee728b)
Start importing Packages/com.unity.timeline/Editor/StyleSheets/Images/DarkSkin/TimelineAutokey.png using Guid(92b5e4310629b264dad0fb2cc196d818) Importer(815301076,1909f56bfc062723c751e8b465ee728b)  -> (artifact id: '95136d0966c72ab5a690c542734286c2') in 0.034343 seconds
  Import took 0.036184 seconds .

========================================================================
Received Import Request.
  Time since last request: 0.000260 seconds.
  path: Packages/com.unity.timeline/Editor/StyleSheets/Images/DarkSkin/TimelineKeyframe.png
  artifactKey: Guid(8eba099eb091faf419fecdcd5cdabfd7) Importer(815301076,1909f56bfc062723c751e8b465ee728b)
Start importing Packages/com.unity.timeline/Editor/StyleSheets/Images/DarkSkin/TimelineKeyframe.png using Guid(8eba099eb091faf419fecdcd5cdabfd7) Importer(815301076,1909f56bfc062723c751e8b465ee728b)  -> (artifact id: 'b6e5f075c9e317116b758983e6b12999') in 0.018620 seconds
  Import took 0.020577 seconds .

========================================================================
Received Import Request.
  Time since last request: 0.000299 seconds.
  path: Packages/com.unity.timeline/Editor/StyleSheets/Images/LightSkin/TimelineAutokey_active@2x.png
  artifactKey: Guid(f6717d61970edba4686c297677881a77) Importer(815301076,1909f56bfc062723c751e8b465ee728b)
Start importing Packages/com.unity.timeline/Editor/StyleSheets/Images/LightSkin/TimelineAutokey_active@2x.png using Guid(f6717d61970edba4686c297677881a77) Importer(815301076,1909f56bfc062723c751e8b465ee728b)  -> (artifact id: '06b9c4f7c605461ea908e8befd09955c') in 0.021182 seconds
  Import took 0.022849 seconds .

========================================================================
Received Import Request.
  Time since last request: 0.000357 seconds.
  path: Packages/com.unity.timeline/Editor/StyleSheets/Images/LightSkin/TimelineKeyframe.png
  artifactKey: Guid(f9fd2f335364cda41937eab39bf20049) Importer(815301076,1909f56bfc062723c751e8b465ee728b)
Start importing Packages/com.unity.timeline/Editor/StyleSheets/Images/LightSkin/TimelineKeyframe.png using Guid(f9fd2f335364cda41937eab39bf20049) Importer(815301076,1909f56bfc062723c751e8b465ee728b)  -> (artifact id: 'd416f701a5117fe92db5457422637e91') in 0.013705 seconds
  Import took 0.016095 seconds .

========================================================================
Received Import Request.
  Time since last request: 0.000301 seconds.
  path: Packages/com.unity.timeline/Editor/StyleSheets/Images/DarkSkin/TimelineAutokey_active@2x.png
  artifactKey: Guid(183f7b7549219ab47becb461a16df882) Importer(815301076,1909f56bfc062723c751e8b465ee728b)
Start importing Packages/com.unity.timeline/Editor/StyleSheets/Images/DarkSkin/TimelineAutokey_active@2x.png using Guid(183f7b7549219ab47becb461a16df882) Importer(815301076,1909f56bfc062723c751e8b465ee728b)  -> (artifact id: '1910949a1859b53e4ee0529b21b477b6') in 0.017223 seconds
  Import took 0.019325 seconds .

========================================================================
Received Import Request.
  Time since last request: 0.000343 seconds.
  path: Packages/com.unity.timeline/Editor/StyleSheets/Images/LightSkin/TimelineAutokey@2x.png
  artifactKey: Guid(cf3fbf98d5c3f1941bd9c0256918a4c8) Importer(815301076,1909f56bfc062723c751e8b465ee728b)
Start importing Packages/com.unity.timeline/Editor/StyleSheets/Images/LightSkin/TimelineAutokey@2x.png using Guid(cf3fbf98d5c3f1941bd9c0256918a4c8) Importer(815301076,1909f56bfc062723c751e8b465ee728b)  -> (artifact id: 'e504af5d09c6634a4ec95338b385ed21') in 0.025385 seconds
  Import took 0.029628 seconds .

========================================================================
Received Import Request.
  Time since last request: 0.000348 seconds.
  path: Packages/com.unity.timeline/Editor/StyleSheets/Images/LightSkin/TimelineAutokey.png
  artifactKey: Guid(af3aec622aef40c45813b39e405966a3) Importer(815301076,1909f56bfc062723c751e8b465ee728b)
Start importing Packages/com.unity.timeline/Editor/StyleSheets/Images/LightSkin/TimelineAutokey.png using Guid(af3aec622aef40c45813b39e405966a3) Importer(815301076,1909f56bfc062723c751e8b465ee728b)  -> (artifact id: '5231b67c133641e14d76be54ae105da3') in 0.025205 seconds
  Import took 0.028622 seconds .

========================================================================
Received Import Request.
  Time since last request: 0.000438 seconds.
  path: Packages/com.unity.timeline/Editor/StyleSheets/Images/DarkSkin/TimelineAutokey_active.png
  artifactKey: Guid(e17ee60887efdd04389991a15ee0c578) Importer(815301076,1909f56bfc062723c751e8b465ee728b)
Start importing Packages/com.unity.timeline/Editor/StyleSheets/Images/DarkSkin/TimelineAutokey_active.png using Guid(e17ee60887efdd04389991a15ee0c578) Importer(815301076,1909f56bfc062723c751e8b465ee728b)  -> (artifact id: '91018b458bf8bdcb8d39f3ca03052763') in 0.025414 seconds
  Import took 0.029174 seconds .

========================================================================
Received Import Request.
  Time since last request: 0.000339 seconds.
  path: Packages/com.unity.timeline/Editor/StyleSheets/Images/LightSkin/TimelineAutokey_active.png
  artifactKey: Guid(0a5e3e063c4e1ab45999cf6e40c13c07) Importer(815301076,1909f56bfc062723c751e8b465ee728b)
Start importing Packages/com.unity.timeline/Editor/StyleSheets/Images/LightSkin/TimelineAutokey_active.png using Guid(0a5e3e063c4e1ab45999cf6e40c13c07) Importer(815301076,1909f56bfc062723c751e8b465ee728b)  -> (artifact id: '910e1c2547af484056241076f7371639') in 0.024233 seconds
  Import took 0.026609 seconds .

========================================================================
Received Import Request.
  Time since last request: 0.000249 seconds.
  path: Packages/com.unity.timeline/Editor/StyleSheets/Images/DarkSkin/TimelineAutokey@2x.png
  artifactKey: Guid(af24c542434a025448222d576f61a956) Importer(815301076,1909f56bfc062723c751e8b465ee728b)
Start importing Packages/com.unity.timeline/Editor/StyleSheets/Images/DarkSkin/TimelineAutokey@2x.png using Guid(af24c542434a025448222d576f61a956) Importer(815301076,1909f56bfc062723c751e8b465ee728b)  -> (artifact id: 'e99905ab23b22c928646d171f2c8623a') in 0.024742 seconds
  Import took 0.027858 seconds .

========================================================================
Received Import Request.
  Time since last request: 43.152128 seconds.
  path: Assets/InstantZoomies/HorrorStarterPackFREE
  artifactKey: Guid(3a8816a918ecec44e8ea85f6097d6f74) Importer(815301076,1909f56bfc062723c751e8b465ee728b)
Start importing Assets/InstantZoomies/HorrorStarterPackFREE using Guid(3a8816a918ecec44e8ea85f6097d6f74) Importer(815301076,1909f56bfc062723c751e8b465ee728b)  -> (artifact id: 'c7111392fcf2e9cdc2ba3fe63aa17d22') in 0.021842 seconds
  Import took 0.024572 seconds .

========================================================================
Received Import Request.
  Time since last request: 2.584854 seconds.
  path: Assets/InstantZoomies/HorrorStarterPackFREE/Meshes
  artifactKey: Guid(4f15c72a731e3f14c8f471d8297ff702) Importer(815301076,1909f56bfc062723c751e8b465ee728b)
Start importing Assets/InstantZoomies/HorrorStarterPackFREE/Meshes using Guid(4f15c72a731e3f14c8f471d8297ff702) Importer(815301076,1909f56bfc062723c751e8b465ee728b)  -> (artifact id: '1cb76ef9ff04ce990332d6ed13bf36ab') in 0.023551 seconds
  Import took 0.026840 seconds .

========================================================================
Received Import Request.
  Time since last request: 0.035623 seconds.
  path: Assets/InstantZoomies/HorrorStarterPackFREE/Meshes/Knife.fbx
  artifactKey: Guid(3c346b0c6e49ad245ab43646942156c2) Importer(815301076,1909f56bfc062723c751e8b465ee728b)
Start importing Assets/InstantZoomies/HorrorStarterPackFREE/Meshes/Knife.fbx using Guid(3c346b0c6e49ad245ab43646942156c2) Importer(815301076,1909f56bfc062723c751e8b465ee728b)  -> (artifact id: '62e5e41d4b0b8b45af7efb4e4cafcb45') in 0.043921 seconds
  Import took 0.046045 seconds .

========================================================================
Received Import Request.
  Time since last request: 0.000330 seconds.
  path: Assets/InstantZoomies/HorrorStarterPackFREE/Meshes/Syringe.fbx
  artifactKey: Guid(5c991873bb16996489a69492afd3962f) Importer(815301076,1909f56bfc062723c751e8b465ee728b)
Start importing Assets/InstantZoomies/HorrorStarterPackFREE/Meshes/Syringe.fbx using Guid(5c991873bb16996489a69492afd3962f) Importer(815301076,1909f56bfc062723c751e8b465ee728b)  -> (artifact id: 'e92338047a6fd408dcb307934418b5e8') in 0.051223 seconds
  Import took 0.053262 seconds .

========================================================================
Received Import Request.
  Time since last request: 0.000294 seconds.
  path: Assets/InstantZoomies/HorrorStarterPackFREE/Meshes/Shackles.fbx
  artifactKey: Guid(abbe82ebbeb8ce84493add5965900006) Importer(815301076,1909f56bfc062723c751e8b465ee728b)
Start importing Assets/InstantZoomies/HorrorStarterPackFREE/Meshes/Shackles.fbx using Guid(abbe82ebbeb8ce84493add5965900006) Importer(815301076,1909f56bfc062723c751e8b465ee728b)  -> (artifact id: '9ce8014b62e5371546309daa53e3babd') in 0.104289 seconds
  Import took 0.106675 seconds .

========================================================================
Received Import Request.
  Time since last request: 0.000324 seconds.
  path: Assets/InstantZoomies/HorrorStarterPackFREE/Meshes/PictureFrame.fbx
  artifactKey: Guid(edb7542e22e1a724c9b1858ff381914c) Importer(815301076,1909f56bfc062723c751e8b465ee728b)
Start importing Assets/InstantZoomies/HorrorStarterPackFREE/Meshes/PictureFrame.fbx using Guid(edb7542e22e1a724c9b1858ff381914c) Importer(815301076,1909f56bfc062723c751e8b465ee728b)  -> (artifact id: '66be03592038443a1eabeb208fc54c2f') in 0.065763 seconds
  Import took 0.069092 seconds .

========================================================================
Received Import Request.
  Time since last request: 88.232387 seconds.
  path: Assets/InstantZoomies
  artifactKey: Guid(5754913779a06b846b3b26c5ec7ad56b) Importer(815301076,1909f56bfc062723c751e8b465ee728b)
Start importing Assets/InstantZoomies using Guid(5754913779a06b846b3b26c5ec7ad56b) Importer(815301076,1909f56bfc062723c751e8b465ee728b)  -> (artifact id: 'af34625f50a05e4cd24e81dbcc098d3b') in 0.016488 seconds
  Import took 0.018728 seconds .

========================================================================
Received Import Request.
  Time since last request: 0.002711 seconds.
  path: Assets/InstantZoomies
  artifactKey: Guid(5754913779a06b846b3b26c5ec7ad56b) Importer(815301076,1909f56bfc062723c751e8b465ee728b)
Start importing Assets/InstantZoomies using Guid(5754913779a06b846b3b26c5ec7ad56b) Importer(815301076,1909f56bfc062723c751e8b465ee728b)  -> (artifact id: 'af34625f50a05e4cd24e81dbcc098d3b') in 0.004104 seconds
  Import took 0.007222 seconds .

========================================================================
Received Import Request.
  Time since last request: 2.841516 seconds.
  path: Assets/InstantZoomies/HorrorStarterPackFREE/Packages
  artifactKey: Guid(383d9dcf47011de478378a074e4e507e) Importer(815301076,1909f56bfc062723c751e8b465ee728b)
Start importing Assets/InstantZoomies/HorrorStarterPackFREE/Packages using Guid(383d9dcf47011de478378a074e4e507e) Importer(815301076,1909f56bfc062723c751e8b465ee728b)  -> (artifact id: 'd9e537139ca682dec02af70d7da48e2c') in 0.014471 seconds
  Import took 0.027332 seconds .

========================================================================
Received Import Request.
  Time since last request: 2.062303 seconds.
  path: Assets/InstantZoomies/HorrorStarterPackFREE/Packages/STANDARD.unitypackage
  artifactKey: Guid(6b8e515feeea94146abfa4bfb7636534) Importer(815301076,1909f56bfc062723c751e8b465ee728b)
Start importing Assets/InstantZoomies/HorrorStarterPackFREE/Packages/STANDARD.unitypackage using Guid(6b8e515feeea94146abfa4bfb7636534) Importer(815301076,1909f56bfc062723c751e8b465ee728b)  -> (artifact id: '2fd0294802b2e74b71e9de73d447fa4c') in 0.019228 seconds
  Import took 0.022610 seconds .

========================================================================
Received Import Request.
  Time since last request: 17.614124 seconds.
  path: Assets/InstantZoomies/HorrorStarterPackFREE/Packages/LWRP.unitypackage
  artifactKey: Guid(7fa5fecd91d5f88419706d57ba80c2dd) Importer(815301076,1909f56bfc062723c751e8b465ee728b)
Start importing Assets/InstantZoomies/HorrorStarterPackFREE/Packages/LWRP.unitypackage using Guid(7fa5fecd91d5f88419706d57ba80c2dd) Importer(815301076,1909f56bfc062723c751e8b465ee728b)  -> (artifact id: '53318b928ff8721e6172c9db2f90c2aa') in 0.010657 seconds
  Import took 0.013246 seconds .

========================================================================
Received Import Request.
  Time since last request: 2.690424 seconds.
  path: Assets/InstantZoomies/HorrorStarterPackFREE/Packages/HDRP.unitypackage
  artifactKey: Guid(8ea367b62a29d8546b2602d526fc5736) Importer(815301076,1909f56bfc062723c751e8b465ee728b)
Start importing Assets/InstantZoomies/HorrorStarterPackFREE/Packages/HDRP.unitypackage using Guid(8ea367b62a29d8546b2602d526fc5736) Importer(815301076,1909f56bfc062723c751e8b465ee728b)  -> (artifact id: '1f2de8ce62238fb9797ebcf254c6afb8') in 0.014548 seconds
  Import took 0.017140 seconds .

========================================================================
Received Import Request.
  Time since last request: 3.159387 seconds.
  path: Assets/InstantZoomies/HorrorStarterPackFREE/Materials/Key.mat
  artifactKey: Guid(39d51b5a16ce53748abdfa95d0385b7c) Importer(815301076,1909f56bfc062723c751e8b465ee728b)
Start importing Assets/InstantZoomies/HorrorStarterPackFREE/Materials/Key.mat using Guid(39d51b5a16ce53748abdfa95d0385b7c) Importer(815301076,1909f56bfc062723c751e8b465ee728b)  -> (artifact id: '60699327860eb0a502d180eae8a313de') in 0.318292 seconds
  Import took 0.321237 seconds .

========================================================================
Received Import Request.
  Time since last request: 0.000342 seconds.
  path: Assets/InstantZoomies/HorrorStarterPackFREE/Materials/Shackles.mat
  artifactKey: Guid(02d8c5b1e322426458011589527807f8) Importer(815301076,1909f56bfc062723c751e8b465ee728b)
Start importing Assets/InstantZoomies/HorrorStarterPackFREE/Materials/Shackles.mat using Guid(02d8c5b1e322426458011589527807f8) Importer(815301076,1909f56bfc062723c751e8b465ee728b)  -> (artifact id: '59224595fa9f734bd610bcae443ed7ec') in 0.034420 seconds
  Import took 0.036206 seconds .

========================================================================
Received Import Request.
  Time since last request: 0.000281 seconds.
  path: Assets/InstantZoomies/HorrorStarterPackFREE/Materials/SyringeTube.mat
  artifactKey: Guid(4d60bf9b49916fb4582262652694a103) Importer(815301076,1909f56bfc062723c751e8b465ee728b)
Start importing Assets/InstantZoomies/HorrorStarterPackFREE/Materials/SyringeTube.mat using Guid(4d60bf9b49916fb4582262652694a103) Importer(815301076,1909f56bfc062723c751e8b465ee728b)  -> (artifact id: '47025f47550a6285e1f73b5812f3294c') in 0.247334 seconds
  Import took 0.249390 seconds .

========================================================================
Received Import Request.
  Time since last request: 0.000346 seconds.
  path: Assets/InstantZoomies/HorrorStarterPackFREE/Materials/Knife.mat
  artifactKey: Guid(103d7882ce239d84f9d9e9ed5c1d3e8d) Importer(815301076,1909f56bfc062723c751e8b465ee728b)
Start importing Assets/InstantZoomies/HorrorStarterPackFREE/Materials/Knife.mat using Guid(103d7882ce239d84f9d9e9ed5c1d3e8d) Importer(815301076,1909f56bfc062723c751e8b465ee728b)  -> (artifact id: '1b0070f7f57a19565859384bceb39e4a') in 0.029755 seconds
  Import took 0.032153 seconds .

========================================================================
Received Import Request.
  Time since last request: 0.000481 seconds.
  path: Assets/InstantZoomies/HorrorStarterPackFREE/Materials/PictureFrameBody.mat
  artifactKey: Guid(a8986e1bfe480054595d6f53a358f9f7) Importer(815301076,1909f56bfc062723c751e8b465ee728b)
Start importing Assets/InstantZoomies/HorrorStarterPackFREE/Materials/PictureFrameBody.mat using Guid(a8986e1bfe480054595d6f53a358f9f7) Importer(815301076,1909f56bfc062723c751e8b465ee728b)  -> (artifact id: '9c6788a8cfcef7a0d66e43491f1cb25e') in 0.035720 seconds
  Import took 0.037856 seconds .

========================================================================
Received Import Request.
  Time since last request: 0.000309 seconds.
  path: Assets/InstantZoomies/HorrorStarterPackFREE/Materials/PictureFrameGlass.mat
  artifactKey: Guid(2c08eac8becc61045814b96a5fc8dd60) Importer(815301076,1909f56bfc062723c751e8b465ee728b)
Start importing Assets/InstantZoomies/HorrorStarterPackFREE/Materials/PictureFrameGlass.mat using Guid(2c08eac8becc61045814b96a5fc8dd60) Importer(815301076,1909f56bfc062723c751e8b465ee728b)  -> (artifact id: 'b0849482eec4c5fbea166c613532302e') in 0.244813 seconds
  Import took 0.246928 seconds .

========================================================================
Received Import Request.
  Time since last request: 0.000259 seconds.
  path: Assets/InstantZoomies/HorrorStarterPackFREE/Materials/SyringeBody.mat
  artifactKey: Guid(6c7a2e2a53a62d2499829f64309793d9) Importer(815301076,1909f56bfc062723c751e8b465ee728b)
Start importing Assets/InstantZoomies/HorrorStarterPackFREE/Materials/SyringeBody.mat using Guid(6c7a2e2a53a62d2499829f64309793d9) Importer(815301076,1909f56bfc062723c751e8b465ee728b)  -> (artifact id: 'a8afd14d461ad21bdca229e0e780fa77') in 0.032899 seconds
  Import took 0.034921 seconds .

AssetImportWorkerClient::OnTransportError - code=2 error=End of file
